Build started 8/7/2015 05:08:34 PM.
     1>Project "C:\Users\Sudhindra\documents\visual studio 2010\Projects\MySQL_Demo_winapp\MySQL_Demo_winapp\MySQL_Demo_winapp.vcxproj" on node 2 (build target(s)).
     1>InitializeBuildStatus:
         Creating "Debug\MySQL_Demo_winapp.unsuccessfulbuild" because "AlwaysCreate" was specified.
       ClCompile:
         All outputs are up-to-date.
         C:\Program Files (x86)\Microsoft Visual Studio 10.0\VC\bin\CL.exe /c /I"C:\Users\Sudhindra\Documents\Visual Studio 2010\Projects\MySQL_Demo_winapp\MySQL_Demo_winapp\include\\" /ZI /nologo /W3 /WX- /Od /Oy- /D WIN32 /D _DEBUG /D _WINDOWS /D _UNICODE /D UNICODE /D _ATL_STATIC_REGISTRY /Gm /EHsc /RTC1 /MTd /GS /fp:precise /Zc:wchar_t /Zc:forScope /Yu"StdAfx.h" /Fp"Debug\MySQL_Demo_winapp.pch" /Fo"Debug\\" /Fd"Debug\vc100.pdb" /Gd /TP /analyze- /errorReport:prompt MySQL_Demo_winapp.cpp
         MySQL_Demo_winapp.cpp
     1>c:\users\sudhindra\documents\visual studio 2010\projects\mysql_demo_winapp\mysql_demo_winapp\mysql_demo_winapp.cpp(228): warning C4101: 'myThreadID' : unreferenced local variable
     1>c:\users\sudhindra\documents\visual studio 2010\projects\mysql_demo_winapp\mysql_demo_winapp\mysql_demo_winapp.cpp(489): warning C4996: 'strcpy': This function or variable may be unsafe. Consider using strcpy_s instead. To disable deprecation, use _CRT_SECURE_NO_WARNINGS. See online help for details.
                 c:\program files (x86)\microsoft visual studio 10.0\vc\include\string.h(105) : see declaration of 'strcpy'
     1>c:\users\sudhindra\documents\visual studio 2010\projects\mysql_demo_winapp\mysql_demo_winapp\mysql_demo_winapp.cpp(495): warning C4996: 'wcscat': This function or variable may be unsafe. Consider using wcscat_s instead. To disable deprecation, use _CRT_SECURE_NO_WARNINGS. See online help for details.
                 c:\program files (x86)\microsoft visual studio 10.0\vc\include\string.h(276) : see declaration of 'wcscat'
     1>c:\users\sudhindra\documents\visual studio 2010\projects\mysql_demo_winapp\mysql_demo_winapp\mysql_demo_winapp.cpp(496): warning C4996: 'wcscat': This function or variable may be unsafe. Consider using wcscat_s instead. To disable deprecation, use _CRT_SECURE_NO_WARNINGS. See online help for details.
                 c:\program files (x86)\microsoft visual studio 10.0\vc\include\string.h(276) : see declaration of 'wcscat'
     1>c:\users\sudhindra\documents\visual studio 2010\projects\mysql_demo_winapp\mysql_demo_winapp\mysql_demo_winapp.cpp(506): warning C4244: 'initializing' : conversion from 'my_ulonglong' to 'int', possible loss of data
     1>c:\users\sudhindra\documents\visual studio 2010\projects\mysql_demo_winapp\mysql_demo_winapp\mysql_demo_winapp.cpp(509): warning C4996: 'wcscpy': This function or variable may be unsafe. Consider using wcscpy_s instead. To disable deprecation, use _CRT_SECURE_NO_WARNINGS. See online help for details.
                 c:\program files (x86)\microsoft visual studio 10.0\vc\include\string.h(283) : see declaration of 'wcscpy'
     1>c:\users\sudhindra\documents\visual studio 2010\projects\mysql_demo_winapp\mysql_demo_winapp\mysql_demo_winapp.cpp(519): warning C4996: 'wcscat': This function or variable may be unsafe. Consider using wcscat_s instead. To disable deprecation, use _CRT_SECURE_NO_WARNINGS. See online help for details.
                 c:\program files (x86)\microsoft visual studio 10.0\vc\include\string.h(276) : see declaration of 'wcscat'
     1>c:\users\sudhindra\documents\visual studio 2010\projects\mysql_demo_winapp\mysql_demo_winapp\mysql_demo_winapp.cpp(528): warning C4996: 'wcscat': This function or variable may be unsafe. Consider using wcscat_s instead. To disable deprecation, use _CRT_SECURE_NO_WARNINGS. See online help for details.
                 c:\program files (x86)\microsoft visual studio 10.0\vc\include\string.h(276) : see declaration of 'wcscat'
     1>c:\users\sudhindra\documents\visual studio 2010\projects\mysql_demo_winapp\mysql_demo_winapp\mysql_demo_winapp.cpp(533): warning C4996: 'wcscat': This function or variable may be unsafe. Consider using wcscat_s instead. To disable deprecation, use _CRT_SECURE_NO_WARNINGS. See online help for details.
                 c:\program files (x86)\microsoft visual studio 10.0\vc\include\string.h(276) : see declaration of 'wcscat'
     1>c:\users\sudhindra\documents\visual studio 2010\projects\mysql_demo_winapp\mysql_demo_winapp\mysql_demo_winapp.cpp(535): warning C4996: 'wcscat': This function or variable may be unsafe. Consider using wcscat_s instead. To disable deprecation, use _CRT_SECURE_NO_WARNINGS. See online help for details.
                 c:\program files (x86)\microsoft visual studio 10.0\vc\include\string.h(276) : see declaration of 'wcscat'
     1>c:\users\sudhindra\documents\visual studio 2010\projects\mysql_demo_winapp\mysql_demo_winapp\mysql_demo_winapp.cpp(539): warning C4996: 'strcpy': This function or variable may be unsafe. Consider using strcpy_s instead. To disable deprecation, use _CRT_SECURE_NO_WARNINGS. See online help for details.
                 c:\program files (x86)\microsoft visual studio 10.0\vc\include\string.h(105) : see declaration of 'strcpy'
     1>c:\users\sudhindra\documents\visual studio 2010\projects\mysql_demo_winapp\mysql_demo_winapp\mysql_demo_winapp.cpp(540): warning C4996: 'strcat': This function or variable may be unsafe. Consider using strcat_s instead. To disable deprecation, use _CRT_SECURE_NO_WARNINGS. See online help for details.
                 c:\program files (x86)\microsoft visual studio 10.0\vc\include\string.h(110) : see declaration of 'strcat'
     1>c:\users\sudhindra\documents\visual studio 2010\projects\mysql_demo_winapp\mysql_demo_winapp\mysql_demo_winapp.cpp(546): warning C4996: 'wcscat': This function or variable may be unsafe. Consider using wcscat_s instead. To disable deprecation, use _CRT_SECURE_NO_WARNINGS. See online help for details.
                 c:\program files (x86)\microsoft visual studio 10.0\vc\include\string.h(276) : see declaration of 'wcscat'
     1>c:\users\sudhindra\documents\visual studio 2010\projects\mysql_demo_winapp\mysql_demo_winapp\mysql_demo_winapp.cpp(551): warning C4996: 'wcscat': This function or variable may be unsafe. Consider using wcscat_s instead. To disable deprecation, use _CRT_SECURE_NO_WARNINGS. See online help for details.
                 c:\program files (x86)\microsoft visual studio 10.0\vc\include\string.h(276) : see declaration of 'wcscat'
     1>c:\users\sudhindra\documents\visual studio 2010\projects\mysql_demo_winapp\mysql_demo_winapp\mysql_demo_winapp.cpp(536): warning C4101: 'length' : unreferenced local variable
       ResourceCompile:
         All outputs are up-to-date.
       ManifestResourceCompile:
         All outputs are up-to-date.
       Link:
         C:\Program Files (x86)\Microsoft Visual Studio 10.0\VC\bin\link.exe /ERRORREPORT:PROMPT /OUT:"C:\Users\Sudhindra\documents\visual studio 2010\Projects\MySQL_Demo_winapp\Debug\MySQL_Demo_winapp.exe" /INCREMENTAL /NOLOGO /LIBPATH:"C:\Users\Sudhindra\Documents\Visual Studio 2010\Projects\MySQL_Demo_winapp\MySQL_Demo_winapp\lib\win32\debug" mysqlclient.lib kernel32.lib user32.lib gdi32.lib winspool.lib comdlg32.lib advapi32.lib shell32.lib ole32.lib oleaut32.lib uuid.lib odbc32.lib odbccp32.lib /MANIFEST /ManifestFile:"Debug\MySQL_Demo_winapp.exe.intermediate.manifest" /MANIFESTUAC:"level='asInvoker' uiAccess='false'" /DEBUG /PDB:"C:\Users\Sudhindra\documents\visual studio 2010\Projects\MySQL_Demo_winapp\Debug\MySQL_Demo_winapp.pdb" /SUBSYSTEM:WINDOWS /TLBID:1 /DYNAMICBASE /NXCOMPAT /IMPLIB:"C:\Users\Sudhindra\documents\visual studio 2010\Projects\MySQL_Demo_winapp\Debug\MySQL_Demo_winapp.lib" /MACHINE:X86 Debug\MySQL_Demo_winapp.res
         Debug\MySQL_Demo_winapp.exe.embed.manifest.res
         Debug\mysqlconnection.obj
         Debug\MySQL_Demo_winapp.obj
         Debug\stdafx.obj
     1>mysqlclient.lib(handshake.obj) : warning LNK4099: PDB 'auth_win_client.pdb' was not found with 'mysqlclient.lib(handshake.obj)' or at 'C:\Users\Sudhindra\documents\visual studio 2010\Projects\MySQL_Demo_winapp\Debug\auth_win_client.pdb'; linking object as if no debug info
     1>mysqlclient.lib(common.obj) : warning LNK4099: PDB 'auth_win_client.pdb' was not found with 'mysqlclient.lib(common.obj)' or at 'C:\Users\Sudhindra\documents\visual studio 2010\Projects\MySQL_Demo_winapp\Debug\auth_win_client.pdb'; linking object as if no debug info
     1>mysqlclient.lib(log_client.obj) : warning LNK4099: PDB 'auth_win_client.pdb' was not found with 'mysqlclient.lib(log_client.obj)' or at 'C:\Users\Sudhindra\documents\visual studio 2010\Projects\MySQL_Demo_winapp\Debug\auth_win_client.pdb'; linking object as if no debug info
     1>mysqlclient.lib(handshake_client.obj) : warning LNK4099: PDB 'auth_win_client.pdb' was not found with 'mysqlclient.lib(handshake_client.obj)' or at 'C:\Users\Sudhindra\documents\visual studio 2010\Projects\MySQL_Demo_winapp\Debug\auth_win_client.pdb'; linking object as if no debug info
     1>mysqlclient.lib(plugin_client.obj) : warning LNK4099: PDB 'auth_win_client.pdb' was not found with 'mysqlclient.lib(plugin_client.obj)' or at 'C:\Users\Sudhindra\documents\visual studio 2010\Projects\MySQL_Demo_winapp\Debug\auth_win_client.pdb'; linking object as if no debug info
     1>mysqlclient.lib(sha.obj) : warning LNK4099: PDB 'taocrypt.pdb' was not found with 'mysqlclient.lib(sha.obj)' or at 'C:\Users\Sudhindra\documents\visual studio 2010\Projects\MySQL_Demo_winapp\Debug\taocrypt.pdb'; linking object as if no debug info
     1>mysqlclient.lib(rsa.obj) : warning LNK4099: PDB 'taocrypt.pdb' was not found with 'mysqlclient.lib(rsa.obj)' or at 'C:\Users\Sudhindra\documents\visual studio 2010\Projects\MySQL_Demo_winapp\Debug\taocrypt.pdb'; linking object as if no debug info
     1>mysqlclient.lib(ripemd.obj) : warning LNK4099: PDB 'taocrypt.pdb' was not found with 'mysqlclient.lib(ripemd.obj)' or at 'C:\Users\Sudhindra\documents\visual studio 2010\Projects\MySQL_Demo_winapp\Debug\taocrypt.pdb'; linking object as if no debug info
     1>mysqlclient.lib(random.obj) : warning LNK4099: PDB 'taocrypt.pdb' was not found with 'mysqlclient.lib(random.obj)' or at 'C:\Users\Sudhindra\documents\visual studio 2010\Projects\MySQL_Demo_winapp\Debug\taocrypt.pdb'; linking object as if no debug info
     1>mysqlclient.lib(misc.obj) : warning LNK4099: PDB 'taocrypt.pdb' was not found with 'mysqlclient.lib(misc.obj)' or at 'C:\Users\Sudhindra\documents\visual studio 2010\Projects\MySQL_Demo_winapp\Debug\taocrypt.pdb'; linking object as if no debug info
     1>mysqlclient.lib(md5.obj) : warning LNK4099: PDB 'taocrypt.pdb' was not found with 'mysqlclient.lib(md5.obj)' or at 'C:\Users\Sudhindra\documents\visual studio 2010\Projects\MySQL_Demo_winapp\Debug\taocrypt.pdb'; linking object as if no debug info
     1>mysqlclient.lib(md4.obj) : warning LNK4099: PDB 'taocrypt.pdb' was not found with 'mysqlclient.lib(md4.obj)' or at 'C:\Users\Sudhindra\documents\visual studio 2010\Projects\MySQL_Demo_winapp\Debug\taocrypt.pdb'; linking object as if no debug info
     1>mysqlclient.lib(md2.obj) : warning LNK4099: PDB 'taocrypt.pdb' was not found with 'mysqlclient.lib(md2.obj)' or at 'C:\Users\Sudhindra\documents\visual studio 2010\Projects\MySQL_Demo_winapp\Debug\taocrypt.pdb'; linking object as if no debug info
     1>mysqlclient.lib(integer.obj) : warning LNK4099: PDB 'taocrypt.pdb' was not found with 'mysqlclient.lib(integer.obj)' or at 'C:\Users\Sudhindra\documents\visual studio 2010\Projects\MySQL_Demo_winapp\Debug\taocrypt.pdb'; linking object as if no debug info
     1>mysqlclient.lib(hash.obj) : warning LNK4099: PDB 'taocrypt.pdb' was not found with 'mysqlclient.lib(hash.obj)' or at 'C:\Users\Sudhindra\documents\visual studio 2010\Projects\MySQL_Demo_winapp\Debug\taocrypt.pdb'; linking object as if no debug info
     1>mysqlclient.lib(file.obj) : warning LNK4099: PDB 'taocrypt.pdb' was not found with 'mysqlclient.lib(file.obj)' or at 'C:\Users\Sudhindra\documents\visual studio 2010\Projects\MySQL_Demo_winapp\Debug\taocrypt.pdb'; linking object as if no debug info
     1>mysqlclient.lib(dsa.obj) : warning LNK4099: PDB 'taocrypt.pdb' was not found with 'mysqlclient.lib(dsa.obj)' or at 'C:\Users\Sudhindra\documents\visual studio 2010\Projects\MySQL_Demo_winapp\Debug\taocrypt.pdb'; linking object as if no debug info
     1>mysqlclient.lib(dh.obj) : warning LNK4099: PDB 'taocrypt.pdb' was not found with 'mysqlclient.lib(dh.obj)' or at 'C:\Users\Sudhindra\documents\visual studio 2010\Projects\MySQL_Demo_winapp\Debug\taocrypt.pdb'; linking object as if no debug info
     1>mysqlclient.lib(des.obj) : warning LNK4099: PDB 'taocrypt.pdb' was not found with 'mysqlclient.lib(des.obj)' or at 'C:\Users\Sudhindra\documents\visual studio 2010\Projects\MySQL_Demo_winapp\Debug\taocrypt.pdb'; linking object as if no debug info
     1>mysqlclient.lib(coding.obj) : warning LNK4099: PDB 'taocrypt.pdb' was not found with 'mysqlclient.lib(coding.obj)' or at 'C:\Users\Sudhindra\documents\visual studio 2010\Projects\MySQL_Demo_winapp\Debug\taocrypt.pdb'; linking object as if no debug info
     1>mysqlclient.lib(asn.obj) : warning LNK4099: PDB 'taocrypt.pdb' was not found with 'mysqlclient.lib(asn.obj)' or at 'C:\Users\Sudhindra\documents\visual studio 2010\Projects\MySQL_Demo_winapp\Debug\taocrypt.pdb'; linking object as if no debug info
     1>mysqlclient.lib(arc4.obj) : warning LNK4099: PDB 'taocrypt.pdb' was not found with 'mysqlclient.lib(arc4.obj)' or at 'C:\Users\Sudhindra\documents\visual studio 2010\Projects\MySQL_Demo_winapp\Debug\taocrypt.pdb'; linking object as if no debug info
     1>mysqlclient.lib(algebra.obj) : warning LNK4099: PDB 'taocrypt.pdb' was not found with 'mysqlclient.lib(algebra.obj)' or at 'C:\Users\Sudhindra\documents\visual studio 2010\Projects\MySQL_Demo_winapp\Debug\taocrypt.pdb'; linking object as if no debug info
     1>mysqlclient.lib(aestables.obj) : warning LNK4099: PDB 'taocrypt.pdb' was not found with 'mysqlclient.lib(aestables.obj)' or at 'C:\Users\Sudhindra\documents\visual studio 2010\Projects\MySQL_Demo_winapp\Debug\taocrypt.pdb'; linking object as if no debug info
     1>mysqlclient.lib(aes.obj) : warning LNK4099: PDB 'taocrypt.pdb' was not found with 'mysqlclient.lib(aes.obj)' or at 'C:\Users\Sudhindra\documents\visual studio 2010\Projects\MySQL_Demo_winapp\Debug\taocrypt.pdb'; linking object as if no debug info
     1>mysqlclient.lib(get_password.obj) : warning LNK4099: PDB 'yassl.pdb' was not found with 'mysqlclient.lib(get_password.obj)' or at 'C:\Users\Sudhindra\documents\visual studio 2010\Projects\MySQL_Demo_winapp\Debug\yassl.pdb'; linking object as if no debug info
     1>mysqlclient.lib(yassl_int.obj) : warning LNK4099: PDB 'yassl.pdb' was not found with 'mysqlclient.lib(yassl_int.obj)' or at 'C:\Users\Sudhindra\documents\visual studio 2010\Projects\MySQL_Demo_winapp\Debug\yassl.pdb'; linking object as if no debug info
     1>mysqlclient.lib(yassl_imp.obj) : warning LNK4099: PDB 'yassl.pdb' was not found with 'mysqlclient.lib(yassl_imp.obj)' or at 'C:\Users\Sudhindra\documents\visual studio 2010\Projects\MySQL_Demo_winapp\Debug\yassl.pdb'; linking object as if no debug info
     1>mysqlclient.lib(yassl_error.obj) : warning LNK4099: PDB 'yassl.pdb' was not found with 'mysqlclient.lib(yassl_error.obj)' or at 'C:\Users\Sudhindra\documents\visual studio 2010\Projects\MySQL_Demo_winapp\Debug\yassl.pdb'; linking object as if no debug info
     1>mysqlclient.lib(timer.obj) : warning LNK4099: PDB 'yassl.pdb' was not found with 'mysqlclient.lib(timer.obj)' or at 'C:\Users\Sudhindra\documents\visual studio 2010\Projects\MySQL_Demo_winapp\Debug\yassl.pdb'; linking object as if no debug info
     1>mysqlclient.lib(ssl.obj) : warning LNK4099: PDB 'yassl.pdb' was not found with 'mysqlclient.lib(ssl.obj)' or at 'C:\Users\Sudhindra\documents\visual studio 2010\Projects\MySQL_Demo_winapp\Debug\yassl.pdb'; linking object as if no debug info
     1>mysqlclient.lib(socket_wrapper.obj) : warning LNK4099: PDB 'yassl.pdb' was not found with 'mysqlclient.lib(socket_wrapper.obj)' or at 'C:\Users\Sudhindra\documents\visual studio 2010\Projects\MySQL_Demo_winapp\Debug\yassl.pdb'; linking object as if no debug info
     1>mysqlclient.lib(log.obj) : warning LNK4099: PDB 'yassl.pdb' was not found with 'mysqlclient.lib(log.obj)' or at 'C:\Users\Sudhindra\documents\visual studio 2010\Projects\MySQL_Demo_winapp\Debug\yassl.pdb'; linking object as if no debug info
     1>mysqlclient.lib(lock.obj) : warning LNK4099: PDB 'yassl.pdb' was not found with 'mysqlclient.lib(lock.obj)' or at 'C:\Users\Sudhindra\documents\visual studio 2010\Projects\MySQL_Demo_winapp\Debug\yassl.pdb'; linking object as if no debug info
     1>mysqlclient.lib(handshake.obj) : warning LNK4099: PDB 'yassl.pdb' was not found with 'mysqlclient.lib(handshake.obj)' or at 'C:\Users\Sudhindra\documents\visual studio 2010\Projects\MySQL_Demo_winapp\Debug\yassl.pdb'; linking object as if no debug info
     1>mysqlclient.lib(crypto_wrapper.obj) : warning LNK4099: PDB 'yassl.pdb' was not found with 'mysqlclient.lib(crypto_wrapper.obj)' or at 'C:\Users\Sudhindra\documents\visual studio 2010\Projects\MySQL_Demo_winapp\Debug\yassl.pdb'; linking object as if no debug info
     1>mysqlclient.lib(cert_wrapper.obj) : warning LNK4099: PDB 'yassl.pdb' was not found with 'mysqlclient.lib(cert_wrapper.obj)' or at 'C:\Users\Sudhindra\documents\visual studio 2010\Projects\MySQL_Demo_winapp\Debug\yassl.pdb'; linking object as if no debug info
     1>mysqlclient.lib(buffer.obj) : warning LNK4099: PDB 'yassl.pdb' was not found with 'mysqlclient.lib(buffer.obj)' or at 'C:\Users\Sudhindra\documents\visual studio 2010\Projects\MySQL_Demo_winapp\Debug\yassl.pdb'; linking object as if no debug info
     1>mysqlclient.lib(zutil.obj) : warning LNK4099: PDB 'zlib.pdb' was not found with 'mysqlclient.lib(zutil.obj)' or at 'C:\Users\Sudhindra\documents\visual studio 2010\Projects\MySQL_Demo_winapp\Debug\zlib.pdb'; linking object as if no debug info
     1>mysqlclient.lib(uncompr.obj) : warning LNK4099: PDB 'zlib.pdb' was not found with 'mysqlclient.lib(uncompr.obj)' or at 'C:\Users\Sudhindra\documents\visual studio 2010\Projects\MySQL_Demo_winapp\Debug\zlib.pdb'; linking object as if no debug info
     1>mysqlclient.lib(trees.obj) : warning LNK4099: PDB 'zlib.pdb' was not found with 'mysqlclient.lib(trees.obj)' or at 'C:\Users\Sudhindra\documents\visual studio 2010\Projects\MySQL_Demo_winapp\Debug\zlib.pdb'; linking object as if no debug info
     1>mysqlclient.lib(inftrees.obj) : warning LNK4099: PDB 'zlib.pdb' was not found with 'mysqlclient.lib(inftrees.obj)' or at 'C:\Users\Sudhindra\documents\visual studio 2010\Projects\MySQL_Demo_winapp\Debug\zlib.pdb'; linking object as if no debug info
     1>mysqlclient.lib(inflate.obj) : warning LNK4099: PDB 'zlib.pdb' was not found with 'mysqlclient.lib(inflate.obj)' or at 'C:\Users\Sudhindra\documents\visual studio 2010\Projects\MySQL_Demo_winapp\Debug\zlib.pdb'; linking object as if no debug info
     1>mysqlclient.lib(inffast.obj) : warning LNK4099: PDB 'zlib.pdb' was not found with 'mysqlclient.lib(inffast.obj)' or at 'C:\Users\Sudhindra\documents\visual studio 2010\Projects\MySQL_Demo_winapp\Debug\zlib.pdb'; linking object as if no debug info
     1>mysqlclient.lib(deflate.obj) : warning LNK4099: PDB 'zlib.pdb' was not found with 'mysqlclient.lib(deflate.obj)' or at 'C:\Users\Sudhindra\documents\visual studio 2010\Projects\MySQL_Demo_winapp\Debug\zlib.pdb'; linking object as if no debug info
     1>mysqlclient.lib(crc32.obj) : warning LNK4099: PDB 'zlib.pdb' was not found with 'mysqlclient.lib(crc32.obj)' or at 'C:\Users\Sudhindra\documents\visual studio 2010\Projects\MySQL_Demo_winapp\Debug\zlib.pdb'; linking object as if no debug info
     1>mysqlclient.lib(compress.obj) : warning LNK4099: PDB 'zlib.pdb' was not found with 'mysqlclient.lib(compress.obj)' or at 'C:\Users\Sudhindra\documents\visual studio 2010\Projects\MySQL_Demo_winapp\Debug\zlib.pdb'; linking object as if no debug info
     1>mysqlclient.lib(adler32.obj) : warning LNK4099: PDB 'zlib.pdb' was not found with 'mysqlclient.lib(adler32.obj)' or at 'C:\Users\Sudhindra\documents\visual studio 2010\Projects\MySQL_Demo_winapp\Debug\zlib.pdb'; linking object as if no debug info
     1>mysqlclient.lib(my_aes_yassl.obj) : warning LNK4099: PDB 'mysys_ssl.pdb' was not found with 'mysqlclient.lib(my_aes_yassl.obj)' or at 'C:\Users\Sudhindra\documents\visual studio 2010\Projects\MySQL_Demo_winapp\Debug\mysys_ssl.pdb'; linking object as if no debug info
     1>mysqlclient.lib(my_rnd.obj) : warning LNK4099: PDB 'mysys_ssl.pdb' was not found with 'mysqlclient.lib(my_rnd.obj)' or at 'C:\Users\Sudhindra\documents\visual studio 2010\Projects\MySQL_Demo_winapp\Debug\mysys_ssl.pdb'; linking object as if no debug info
     1>mysqlclient.lib(my_sha1.obj) : warning LNK4099: PDB 'mysys_ssl.pdb' was not found with 'mysqlclient.lib(my_sha1.obj)' or at 'C:\Users\Sudhindra\documents\visual studio 2010\Projects\MySQL_Demo_winapp\Debug\mysys_ssl.pdb'; linking object as if no debug info
     1>mysqlclient.lib(my_aes.obj) : warning LNK4099: PDB 'mysys_ssl.pdb' was not found with 'mysqlclient.lib(my_aes.obj)' or at 'C:\Users\Sudhindra\documents\visual studio 2010\Projects\MySQL_Demo_winapp\Debug\mysys_ssl.pdb'; linking object as if no debug info
     1>mysqlclient.lib(my_default.obj) : warning LNK4099: PDB 'mysys_ssl.pdb' was not found with 'mysqlclient.lib(my_default.obj)' or at 'C:\Users\Sudhindra\documents\visual studio 2010\Projects\MySQL_Demo_winapp\Debug\mysys_ssl.pdb'; linking object as if no debug info
     1>mysqlclient.lib(crypt_genhash_impl.obj) : warning LNK4099: PDB 'mysys_ssl.pdb' was not found with 'mysqlclient.lib(crypt_genhash_impl.obj)' or at 'C:\Users\Sudhindra\documents\visual studio 2010\Projects\MySQL_Demo_winapp\Debug\mysys_ssl.pdb'; linking object as if no debug info
     1>mysqlclient.lib(my_winthread.obj) : warning LNK4099: PDB 'mysys.pdb' was not found with 'mysqlclient.lib(my_winthread.obj)' or at 'C:\Users\Sudhindra\documents\visual studio 2010\Projects\MySQL_Demo_winapp\Debug\mysys.pdb'; linking object as if no debug info
     1>mysqlclient.lib(my_winfile.obj) : warning LNK4099: PDB 'mysys.pdb' was not found with 'mysqlclient.lib(my_winfile.obj)' or at 'C:\Users\Sudhindra\documents\visual studio 2010\Projects\MySQL_Demo_winapp\Debug\mysys.pdb'; linking object as if no debug info
     1>mysqlclient.lib(my_winerr.obj) : warning LNK4099: PDB 'mysys.pdb' was not found with 'mysqlclient.lib(my_winerr.obj)' or at 'C:\Users\Sudhindra\documents\visual studio 2010\Projects\MySQL_Demo_winapp\Debug\mysys.pdb'; linking object as if no debug info
     1>mysqlclient.lib(my_wincond.obj) : warning LNK4099: PDB 'mysys.pdb' was not found with 'mysqlclient.lib(my_wincond.obj)' or at 'C:\Users\Sudhindra\documents\visual studio 2010\Projects\MySQL_Demo_winapp\Debug\mysys.pdb'; linking object as if no debug info
     1>mysqlclient.lib(typelib.obj) : warning LNK4099: PDB 'mysys.pdb' was not found with 'mysqlclient.lib(typelib.obj)' or at 'C:\Users\Sudhindra\documents\visual studio 2010\Projects\MySQL_Demo_winapp\Debug\mysys.pdb'; linking object as if no debug info
     1>mysqlclient.lib(thr_rwlock.obj) : warning LNK4099: PDB 'mysys.pdb' was not found with 'mysqlclient.lib(thr_rwlock.obj)' or at 'C:\Users\Sudhindra\documents\visual studio 2010\Projects\MySQL_Demo_winapp\Debug\mysys.pdb'; linking object as if no debug info
     1>mysqlclient.lib(my_thr_init.obj) : warning LNK4099: PDB 'mysys.pdb' was not found with 'mysqlclient.lib(my_thr_init.obj)' or at 'C:\Users\Sudhindra\documents\visual studio 2010\Projects\MySQL_Demo_winapp\Debug\mysys.pdb'; linking object as if no debug info
     1>mysqlclient.lib(my_symlink.obj) : warning LNK4099: PDB 'mysys.pdb' was not found with 'mysqlclient.lib(my_symlink.obj)' or at 'C:\Users\Sudhindra\documents\visual studio 2010\Projects\MySQL_Demo_winapp\Debug\mysys.pdb'; linking object as if no debug info
     1>mysqlclient.lib(my_static.obj) : warning LNK4099: PDB 'mysys.pdb' was not found with 'mysqlclient.lib(my_static.obj)' or at 'C:\Users\Sudhindra\documents\visual studio 2010\Projects\MySQL_Demo_winapp\Debug\mysys.pdb'; linking object as if no debug info
     1>mysqlclient.lib(my_read.obj) : warning LNK4099: PDB 'mysys.pdb' was not found with 'mysqlclient.lib(my_read.obj)' or at 'C:\Users\Sudhindra\documents\visual studio 2010\Projects\MySQL_Demo_winapp\Debug\mysys.pdb'; linking object as if no debug info
     1>mysqlclient.lib(my_open.obj) : warning LNK4099: PDB 'mysys.pdb' was not found with 'mysqlclient.lib(my_open.obj)' or at 'C:\Users\Sudhindra\documents\visual studio 2010\Projects\MySQL_Demo_winapp\Debug\mysys.pdb'; linking object as if no debug info
     1>mysqlclient.lib(my_once.obj) : warning LNK4099: PDB 'mysys.pdb' was not found with 'mysqlclient.lib(my_once.obj)' or at 'C:\Users\Sudhindra\documents\visual studio 2010\Projects\MySQL_Demo_winapp\Debug\mysys.pdb'; linking object as if no debug info
     1>mysqlclient.lib(my_mess.obj) : warning LNK4099: PDB 'mysys.pdb' was not found with 'mysqlclient.lib(my_mess.obj)' or at 'C:\Users\Sudhindra\documents\visual studio 2010\Projects\MySQL_Demo_winapp\Debug\mysys.pdb'; linking object as if no debug info
     1>mysqlclient.lib(my_malloc.obj) : warning LNK4099: PDB 'mysys.pdb' was not found with 'mysqlclient.lib(my_malloc.obj)' or at 'C:\Users\Sudhindra\documents\visual studio 2010\Projects\MySQL_Demo_winapp\Debug\mysys.pdb'; linking object as if no debug info
     1>mysqlclient.lib(my_lib.obj) : warning LNK4099: PDB 'mysys.pdb' was not found with 'mysqlclient.lib(my_lib.obj)' or at 'C:\Users\Sudhindra\documents\visual studio 2010\Projects\MySQL_Demo_winapp\Debug\mysys.pdb'; linking object as if no debug info
     1>mysqlclient.lib(my_init.obj) : warning LNK4099: PDB 'mysys.pdb' was not found with 'mysqlclient.lib(my_init.obj)' or at 'C:\Users\Sudhindra\documents\visual studio 2010\Projects\MySQL_Demo_winapp\Debug\mysys.pdb'; linking object as if no debug info
     1>mysqlclient.lib(my_getwd.obj) : warning LNK4099: PDB 'mysys.pdb' was not found with 'mysqlclient.lib(my_getwd.obj)' or at 'C:\Users\Sudhindra\documents\visual studio 2010\Projects\MySQL_Demo_winapp\Debug\mysys.pdb'; linking object as if no debug info
     1>mysqlclient.lib(my_fstream.obj) : warning LNK4099: PDB 'mysys.pdb' was not found with 'mysqlclient.lib(my_fstream.obj)' or at 'C:\Users\Sudhindra\documents\visual studio 2010\Projects\MySQL_Demo_winapp\Debug\mysys.pdb'; linking object as if no debug info
     1>mysqlclient.lib(my_fopen.obj) : warning LNK4099: PDB 'mysys.pdb' was not found with 'mysqlclient.lib(my_fopen.obj)' or at 'C:\Users\Sudhindra\documents\visual studio 2010\Projects\MySQL_Demo_winapp\Debug\mysys.pdb'; linking object as if no debug info
     1>mysqlclient.lib(my_error.obj) : warning LNK4099: PDB 'mysys.pdb' was not found with 'mysqlclient.lib(my_error.obj)' or at 'C:\Users\Sudhindra\documents\visual studio 2010\Projects\MySQL_Demo_winapp\Debug\mysys.pdb'; linking object as if no debug info
     1>mysqlclient.lib(my_div.obj) : warning LNK4099: PDB 'mysys.pdb' was not found with 'mysqlclient.lib(my_div.obj)' or at 'C:\Users\Sudhindra\documents\visual studio 2010\Projects\MySQL_Demo_winapp\Debug\mysys.pdb'; linking object as if no debug info
     1>mysqlclient.lib(my_compress.obj) : warning LNK4099: PDB 'mysys.pdb' was not found with 'mysqlclient.lib(my_compress.obj)' or at 'C:\Users\Sudhindra\documents\visual studio 2010\Projects\MySQL_Demo_winapp\Debug\mysys.pdb'; linking object as if no debug info
     1>mysqlclient.lib(my_alloc.obj) : warning LNK4099: PDB 'mysys.pdb' was not found with 'mysqlclient.lib(my_alloc.obj)' or at 'C:\Users\Sudhindra\documents\visual studio 2010\Projects\MySQL_Demo_winapp\Debug\mysys.pdb'; linking object as if no debug info
     1>mysqlclient.lib(my_access.obj) : warning LNK4099: PDB 'mysys.pdb' was not found with 'mysqlclient.lib(my_access.obj)' or at 'C:\Users\Sudhindra\documents\visual studio 2010\Projects\MySQL_Demo_winapp\Debug\mysys.pdb'; linking object as if no debug info
     1>mysqlclient.lib(mulalloc.obj) : warning LNK4099: PDB 'mysys.pdb' was not found with 'mysqlclient.lib(mulalloc.obj)' or at 'C:\Users\Sudhindra\documents\visual studio 2010\Projects\MySQL_Demo_winapp\Debug\mysys.pdb'; linking object as if no debug info
     1>mysqlclient.lib(mf_arr_appstr.obj) : warning LNK4099: PDB 'mysys.pdb' was not found with 'mysqlclient.lib(mf_arr_appstr.obj)' or at 'C:\Users\Sudhindra\documents\visual studio 2010\Projects\MySQL_Demo_winapp\Debug\mysys.pdb'; linking object as if no debug info
     1>mysqlclient.lib(mf_qsort.obj) : warning LNK4099: PDB 'mysys.pdb' was not found with 'mysqlclient.lib(mf_qsort.obj)' or at 'C:\Users\Sudhindra\documents\visual studio 2010\Projects\MySQL_Demo_winapp\Debug\mysys.pdb'; linking object as if no debug info
     1>mysqlclient.lib(mf_pack.obj) : warning LNK4099: PDB 'mysys.pdb' was not found with 'mysqlclient.lib(mf_pack.obj)' or at 'C:\Users\Sudhindra\documents\visual studio 2010\Projects\MySQL_Demo_winapp\Debug\mysys.pdb'; linking object as if no debug info
     1>mysqlclient.lib(mf_loadpath.obj) : warning LNK4099: PDB 'mysys.pdb' was not found with 'mysqlclient.lib(mf_loadpath.obj)' or at 'C:\Users\Sudhindra\documents\visual studio 2010\Projects\MySQL_Demo_winapp\Debug\mysys.pdb'; linking object as if no debug info
     1>mysqlclient.lib(mf_format.obj) : warning LNK4099: PDB 'mysys.pdb' was not found with 'mysqlclient.lib(mf_format.obj)' or at 'C:\Users\Sudhindra\documents\visual studio 2010\Projects\MySQL_Demo_winapp\Debug\mysys.pdb'; linking object as if no debug info
     1>mysqlclient.lib(mf_fn_ext.obj) : warning LNK4099: PDB 'mysys.pdb' was not found with 'mysqlclient.lib(mf_fn_ext.obj)' or at 'C:\Users\Sudhindra\documents\visual studio 2010\Projects\MySQL_Demo_winapp\Debug\mysys.pdb'; linking object as if no debug info
     1>mysqlclient.lib(mf_dirname.obj) : warning LNK4099: PDB 'mysys.pdb' was not found with 'mysqlclient.lib(mf_dirname.obj)' or at 'C:\Users\Sudhindra\documents\visual studio 2010\Projects\MySQL_Demo_winapp\Debug\mysys.pdb'; linking object as if no debug info
     1>mysqlclient.lib(list.obj) : warning LNK4099: PDB 'mysys.pdb' was not found with 'mysqlclient.lib(list.obj)' or at 'C:\Users\Sudhindra\documents\visual studio 2010\Projects\MySQL_Demo_winapp\Debug\mysys.pdb'; linking object as if no debug info
     1>mysqlclient.lib(hash.obj) : warning LNK4099: PDB 'mysys.pdb' was not found with 'mysqlclient.lib(hash.obj)' or at 'C:\Users\Sudhindra\documents\visual studio 2010\Projects\MySQL_Demo_winapp\Debug\mysys.pdb'; linking object as if no debug info
     1>mysqlclient.lib(errors.obj) : warning LNK4099: PDB 'mysys.pdb' was not found with 'mysqlclient.lib(errors.obj)' or at 'C:\Users\Sudhindra\documents\visual studio 2010\Projects\MySQL_Demo_winapp\Debug\mysys.pdb'; linking object as if no debug info
     1>mysqlclient.lib(charset.obj) : warning LNK4099: PDB 'mysys.pdb' was not found with 'mysqlclient.lib(charset.obj)' or at 'C:\Users\Sudhindra\documents\visual studio 2010\Projects\MySQL_Demo_winapp\Debug\mysys.pdb'; linking object as if no debug info
     1>mysqlclient.lib(charset-def.obj) : warning LNK4099: PDB 'mysys.pdb' was not found with 'mysqlclient.lib(charset-def.obj)' or at 'C:\Users\Sudhindra\documents\visual studio 2010\Projects\MySQL_Demo_winapp\Debug\mysys.pdb'; linking object as if no debug info
     1>mysqlclient.lib(array.obj) : warning LNK4099: PDB 'mysys.pdb' was not found with 'mysqlclient.lib(array.obj)' or at 'C:\Users\Sudhindra\documents\visual studio 2010\Projects\MySQL_Demo_winapp\Debug\mysys.pdb'; linking object as if no debug info
     1>mysqlclient.lib(vioshm.obj) : warning LNK4099: PDB 'vio.pdb' was not found with 'mysqlclient.lib(vioshm.obj)' or at 'C:\Users\Sudhindra\documents\visual studio 2010\Projects\MySQL_Demo_winapp\Debug\vio.pdb'; linking object as if no debug info
     1>mysqlclient.lib(viopipe.obj) : warning LNK4099: PDB 'vio.pdb' was not found with 'mysqlclient.lib(viopipe.obj)' or at 'C:\Users\Sudhindra\documents\visual studio 2010\Projects\MySQL_Demo_winapp\Debug\vio.pdb'; linking object as if no debug info
     1>mysqlclient.lib(viosslfactories.obj) : warning LNK4099: PDB 'vio.pdb' was not found with 'mysqlclient.lib(viosslfactories.obj)' or at 'C:\Users\Sudhindra\documents\visual studio 2010\Projects\MySQL_Demo_winapp\Debug\vio.pdb'; linking object as if no debug info
     1>mysqlclient.lib(viossl.obj) : warning LNK4099: PDB 'vio.pdb' was not found with 'mysqlclient.lib(viossl.obj)' or at 'C:\Users\Sudhindra\documents\visual studio 2010\Projects\MySQL_Demo_winapp\Debug\vio.pdb'; linking object as if no debug info
     1>mysqlclient.lib(viosocket.obj) : warning LNK4099: PDB 'vio.pdb' was not found with 'mysqlclient.lib(viosocket.obj)' or at 'C:\Users\Sudhindra\documents\visual studio 2010\Projects\MySQL_Demo_winapp\Debug\vio.pdb'; linking object as if no debug info
     1>mysqlclient.lib(vio.obj) : warning LNK4099: PDB 'vio.pdb' was not found with 'mysqlclient.lib(vio.obj)' or at 'C:\Users\Sudhindra\documents\visual studio 2010\Projects\MySQL_Demo_winapp\Debug\vio.pdb'; linking object as if no debug info
     1>mysqlclient.lib(xml.obj) : warning LNK4099: PDB 'strings.pdb' was not found with 'mysqlclient.lib(xml.obj)' or at 'C:\Users\Sudhindra\documents\visual studio 2010\Projects\MySQL_Demo_winapp\Debug\strings.pdb'; linking object as if no debug info
     1>mysqlclient.lib(strxnmov.obj) : warning LNK4099: PDB 'strings.pdb' was not found with 'mysqlclient.lib(strxnmov.obj)' or at 'C:\Users\Sudhindra\documents\visual studio 2010\Projects\MySQL_Demo_winapp\Debug\strings.pdb'; linking object as if no debug info
     1>mysqlclient.lib(strxmov.obj) : warning LNK4099: PDB 'strings.pdb' was not found with 'mysqlclient.lib(strxmov.obj)' or at 'C:\Users\Sudhindra\documents\visual studio 2010\Projects\MySQL_Demo_winapp\Debug\strings.pdb'; linking object as if no debug info
     1>mysqlclient.lib(my_stpnmov.obj) : warning LNK4099: PDB 'strings.pdb' was not found with 'mysqlclient.lib(my_stpnmov.obj)' or at 'C:\Users\Sudhindra\documents\visual studio 2010\Projects\MySQL_Demo_winapp\Debug\strings.pdb'; linking object as if no debug info
     1>mysqlclient.lib(my_stpmov.obj) : warning LNK4099: PDB 'strings.pdb' was not found with 'mysqlclient.lib(my_stpmov.obj)' or at 'C:\Users\Sudhindra\documents\visual studio 2010\Projects\MySQL_Demo_winapp\Debug\strings.pdb'; linking object as if no debug info
     1>mysqlclient.lib(strmake.obj) : warning LNK4099: PDB 'strings.pdb' was not found with 'mysqlclient.lib(strmake.obj)' or at 'C:\Users\Sudhindra\documents\visual studio 2010\Projects\MySQL_Demo_winapp\Debug\strings.pdb'; linking object as if no debug info
     1>mysqlclient.lib(strend.obj) : warning LNK4099: PDB 'strings.pdb' was not found with 'mysqlclient.lib(strend.obj)' or at 'C:\Users\Sudhindra\documents\visual studio 2010\Projects\MySQL_Demo_winapp\Debug\strings.pdb'; linking object as if no debug info
     1>mysqlclient.lib(strcend.obj) : warning LNK4099: PDB 'strings.pdb' was not found with 'mysqlclient.lib(strcend.obj)' or at 'C:\Users\Sudhindra\documents\visual studio 2010\Projects\MySQL_Demo_winapp\Debug\strings.pdb'; linking object as if no debug info
     1>mysqlclient.lib(str_alloc.obj) : warning LNK4099: PDB 'strings.pdb' was not found with 'mysqlclient.lib(str_alloc.obj)' or at 'C:\Users\Sudhindra\documents\visual studio 2010\Projects\MySQL_Demo_winapp\Debug\strings.pdb'; linking object as if no debug info
     1>mysqlclient.lib(str2int.obj) : warning LNK4099: PDB 'strings.pdb' was not found with 'mysqlclient.lib(str2int.obj)' or at 'C:\Users\Sudhindra\documents\visual studio 2010\Projects\MySQL_Demo_winapp\Debug\strings.pdb'; linking object as if no debug info
     1>mysqlclient.lib(my_vsnprintf.obj) : warning LNK4099: PDB 'strings.pdb' was not found with 'mysqlclient.lib(my_vsnprintf.obj)' or at 'C:\Users\Sudhindra\documents\visual studio 2010\Projects\MySQL_Demo_winapp\Debug\strings.pdb'; linking object as if no debug info
     1>mysqlclient.lib(my_strtoll10.obj) : warning LNK4099: PDB 'strings.pdb' was not found with 'mysqlclient.lib(my_strtoll10.obj)' or at 'C:\Users\Sudhindra\documents\visual studio 2010\Projects\MySQL_Demo_winapp\Debug\strings.pdb'; linking object as if no debug info
     1>mysqlclient.lib(longlong2str.obj) : warning LNK4099: PDB 'strings.pdb' was not found with 'mysqlclient.lib(longlong2str.obj)' or at 'C:\Users\Sudhindra\documents\visual studio 2010\Projects\MySQL_Demo_winapp\Debug\strings.pdb'; linking object as if no debug info
     1>mysqlclient.lib(is_prefix.obj) : warning LNK4099: PDB 'strings.pdb' was not found with 'mysqlclient.lib(is_prefix.obj)' or at 'C:\Users\Sudhindra\documents\visual studio 2010\Projects\MySQL_Demo_winapp\Debug\strings.pdb'; linking object as if no debug info
     1>mysqlclient.lib(int2str.obj) : warning LNK4099: PDB 'strings.pdb' was not found with 'mysqlclient.lib(int2str.obj)' or at 'C:\Users\Sudhindra\documents\visual studio 2010\Projects\MySQL_Demo_winapp\Debug\strings.pdb'; linking object as if no debug info
     1>mysqlclient.lib(dtoa.obj) : warning LNK4099: PDB 'strings.pdb' was not found with 'mysqlclient.lib(dtoa.obj)' or at 'C:\Users\Sudhindra\documents\visual studio 2010\Projects\MySQL_Demo_winapp\Debug\strings.pdb'; linking object as if no debug info
     1>mysqlclient.lib(ctype.obj) : warning LNK4099: PDB 'strings.pdb' was not found with 'mysqlclient.lib(ctype.obj)' or at 'C:\Users\Sudhindra\documents\visual studio 2010\Projects\MySQL_Demo_winapp\Debug\strings.pdb'; linking object as if no debug info
     1>mysqlclient.lib(ctype-win1250ch.obj) : warning LNK4099: PDB 'strings.pdb' was not found with 'mysqlclient.lib(ctype-win1250ch.obj)' or at 'C:\Users\Sudhindra\documents\visual studio 2010\Projects\MySQL_Demo_winapp\Debug\strings.pdb'; linking object as if no debug info
     1>mysqlclient.lib(ctype-utf8.obj) : warning LNK4099: PDB 'strings.pdb' was not found with 'mysqlclient.lib(ctype-utf8.obj)' or at 'C:\Users\Sudhindra\documents\visual studio 2010\Projects\MySQL_Demo_winapp\Debug\strings.pdb'; linking object as if no debug info
     1>mysqlclient.lib(ctype-ujis.obj) : warning LNK4099: PDB 'strings.pdb' was not found with 'mysqlclient.lib(ctype-ujis.obj)' or at 'C:\Users\Sudhindra\documents\visual studio 2010\Projects\MySQL_Demo_winapp\Debug\strings.pdb'; linking object as if no debug info
     1>mysqlclient.lib(ctype-ucs2.obj) : warning LNK4099: PDB 'strings.pdb' was not found with 'mysqlclient.lib(ctype-ucs2.obj)' or at 'C:\Users\Sudhindra\documents\visual studio 2010\Projects\MySQL_Demo_winapp\Debug\strings.pdb'; linking object as if no debug info
     1>mysqlclient.lib(ctype-uca.obj) : warning LNK4099: PDB 'strings.pdb' was not found with 'mysqlclient.lib(ctype-uca.obj)' or at 'C:\Users\Sudhindra\documents\visual studio 2010\Projects\MySQL_Demo_winapp\Debug\strings.pdb'; linking object as if no debug info
     1>mysqlclient.lib(ctype-tis620.obj) : warning LNK4099: PDB 'strings.pdb' was not found with 'mysqlclient.lib(ctype-tis620.obj)' or at 'C:\Users\Sudhindra\documents\visual studio 2010\Projects\MySQL_Demo_winapp\Debug\strings.pdb'; linking object as if no debug info
     1>mysqlclient.lib(ctype-sjis.obj) : warning LNK4099: PDB 'strings.pdb' was not found with 'mysqlclient.lib(ctype-sjis.obj)' or at 'C:\Users\Sudhindra\documents\visual studio 2010\Projects\MySQL_Demo_winapp\Debug\strings.pdb'; linking object as if no debug info
     1>mysqlclient.lib(ctype-simple.obj) : warning LNK4099: PDB 'strings.pdb' was not found with 'mysqlclient.lib(ctype-simple.obj)' or at 'C:\Users\Sudhindra\documents\visual studio 2010\Projects\MySQL_Demo_winapp\Debug\strings.pdb'; linking object as if no debug info
     1>mysqlclient.lib(ctype-mb.obj) : warning LNK4099: PDB 'strings.pdb' was not found with 'mysqlclient.lib(ctype-mb.obj)' or at 'C:\Users\Sudhindra\documents\visual studio 2010\Projects\MySQL_Demo_winapp\Debug\strings.pdb'; linking object as if no debug info
     1>mysqlclient.lib(ctype-latin1.obj) : warning LNK4099: PDB 'strings.pdb' was not found with 'mysqlclient.lib(ctype-latin1.obj)' or at 'C:\Users\Sudhindra\documents\visual studio 2010\Projects\MySQL_Demo_winapp\Debug\strings.pdb'; linking object as if no debug info
     1>mysqlclient.lib(ctype-gb18030.obj) : warning LNK4099: PDB 'strings.pdb' was not found with 'mysqlclient.lib(ctype-gb18030.obj)' or at 'C:\Users\Sudhindra\documents\visual studio 2010\Projects\MySQL_Demo_winapp\Debug\strings.pdb'; linking object as if no debug info
     1>mysqlclient.lib(ctype-gbk.obj) : warning LNK4099: PDB 'strings.pdb' was not found with 'mysqlclient.lib(ctype-gbk.obj)' or at 'C:\Users\Sudhindra\documents\visual studio 2010\Projects\MySQL_Demo_winapp\Debug\strings.pdb'; linking object as if no debug info
     1>mysqlclient.lib(ctype-gb2312.obj) : warning LNK4099: PDB 'strings.pdb' was not found with 'mysqlclient.lib(ctype-gb2312.obj)' or at 'C:\Users\Sudhindra\documents\visual studio 2010\Projects\MySQL_Demo_winapp\Debug\strings.pdb'; linking object as if no debug info
     1>mysqlclient.lib(ctype-extra.obj) : warning LNK4099: PDB 'strings.pdb' was not found with 'mysqlclient.lib(ctype-extra.obj)' or at 'C:\Users\Sudhindra\documents\visual studio 2010\Projects\MySQL_Demo_winapp\Debug\strings.pdb'; linking object as if no debug info
     1>mysqlclient.lib(ctype-eucjpms.obj) : warning LNK4099: PDB 'strings.pdb' was not found with 'mysqlclient.lib(ctype-eucjpms.obj)' or at 'C:\Users\Sudhindra\documents\visual studio 2010\Projects\MySQL_Demo_winapp\Debug\strings.pdb'; linking object as if no debug info
     1>mysqlclient.lib(ctype-euc_kr.obj) : warning LNK4099: PDB 'strings.pdb' was not found with 'mysqlclient.lib(ctype-euc_kr.obj)' or at 'C:\Users\Sudhindra\documents\visual studio 2010\Projects\MySQL_Demo_winapp\Debug\strings.pdb'; linking object as if no debug info
     1>mysqlclient.lib(ctype-czech.obj) : warning LNK4099: PDB 'strings.pdb' was not found with 'mysqlclient.lib(ctype-czech.obj)' or at 'C:\Users\Sudhindra\documents\visual studio 2010\Projects\MySQL_Demo_winapp\Debug\strings.pdb'; linking object as if no debug info
     1>mysqlclient.lib(ctype-cp932.obj) : warning LNK4099: PDB 'strings.pdb' was not found with 'mysqlclient.lib(ctype-cp932.obj)' or at 'C:\Users\Sudhindra\documents\visual studio 2010\Projects\MySQL_Demo_winapp\Debug\strings.pdb'; linking object as if no debug info
     1>mysqlclient.lib(ctype-bin.obj) : warning LNK4099: PDB 'strings.pdb' was not found with 'mysqlclient.lib(ctype-bin.obj)' or at 'C:\Users\Sudhindra\documents\visual studio 2010\Projects\MySQL_Demo_winapp\Debug\strings.pdb'; linking object as if no debug info
     1>mysqlclient.lib(ctype-big5.obj) : warning LNK4099: PDB 'strings.pdb' was not found with 'mysqlclient.lib(ctype-big5.obj)' or at 'C:\Users\Sudhindra\documents\visual studio 2010\Projects\MySQL_Demo_winapp\Debug\strings.pdb'; linking object as if no debug info
     1>mysqlclient.lib(bchange.obj) : warning LNK4099: PDB 'strings.pdb' was not found with 'mysqlclient.lib(bchange.obj)' or at 'C:\Users\Sudhindra\documents\visual studio 2010\Projects\MySQL_Demo_winapp\Debug\strings.pdb'; linking object as if no debug info
     1>mysqlclient.lib(dbug.obj) : warning LNK4099: PDB 'dbug.pdb' was not found with 'mysqlclient.lib(dbug.obj)' or at 'C:\Users\Sudhindra\documents\visual studio 2010\Projects\MySQL_Demo_winapp\Debug\dbug.pdb'; linking object as if no debug info
     1>mysqlclient.lib(mysql_trace.obj) : warning LNK4099: PDB 'clientlib.pdb' was not found with 'mysqlclient.lib(mysql_trace.obj)' or at 'C:\Users\Sudhindra\documents\visual studio 2010\Projects\MySQL_Demo_winapp\Debug\clientlib.pdb'; linking object as if no debug info
     1>mysqlclient.lib(password.obj) : warning LNK4099: PDB 'clientlib.pdb' was not found with 'mysqlclient.lib(password.obj)' or at 'C:\Users\Sudhindra\documents\visual studio 2010\Projects\MySQL_Demo_winapp\Debug\clientlib.pdb'; linking object as if no debug info
     1>mysqlclient.lib(pack.obj) : warning LNK4099: PDB 'clientlib.pdb' was not found with 'mysqlclient.lib(pack.obj)' or at 'C:\Users\Sudhindra\documents\visual studio 2010\Projects\MySQL_Demo_winapp\Debug\clientlib.pdb'; linking object as if no debug info
     1>mysqlclient.lib(net_serv.obj) : warning LNK4099: PDB 'clientlib.pdb' was not found with 'mysqlclient.lib(net_serv.obj)' or at 'C:\Users\Sudhindra\documents\visual studio 2010\Projects\MySQL_Demo_winapp\Debug\clientlib.pdb'; linking object as if no debug info
     1>mysqlclient.lib(client_authentication.obj) : warning LNK4099: PDB 'clientlib.pdb' was not found with 'mysqlclient.lib(client_authentication.obj)' or at 'C:\Users\Sudhindra\documents\visual studio 2010\Projects\MySQL_Demo_winapp\Debug\clientlib.pdb'; linking object as if no debug info
     1>mysqlclient.lib(client_plugin.obj) : warning LNK4099: PDB 'clientlib.pdb' was not found with 'mysqlclient.lib(client_plugin.obj)' or at 'C:\Users\Sudhindra\documents\visual studio 2010\Projects\MySQL_Demo_winapp\Debug\clientlib.pdb'; linking object as if no debug info
     1>mysqlclient.lib(my_time.obj) : warning LNK4099: PDB 'clientlib.pdb' was not found with 'mysqlclient.lib(my_time.obj)' or at 'C:\Users\Sudhindra\documents\visual studio 2010\Projects\MySQL_Demo_winapp\Debug\clientlib.pdb'; linking object as if no debug info
     1>mysqlclient.lib(client.obj) : warning LNK4099: PDB 'clientlib.pdb' was not found with 'mysqlclient.lib(client.obj)' or at 'C:\Users\Sudhindra\documents\visual studio 2010\Projects\MySQL_Demo_winapp\Debug\clientlib.pdb'; linking object as if no debug info
     1>mysqlclient.lib(errmsg.obj) : warning LNK4099: PDB 'clientlib.pdb' was not found with 'mysqlclient.lib(errmsg.obj)' or at 'C:\Users\Sudhindra\documents\visual studio 2010\Projects\MySQL_Demo_winapp\Debug\clientlib.pdb'; linking object as if no debug info
     1>mysqlclient.lib(libmysql.obj) : warning LNK4099: PDB 'clientlib.pdb' was not found with 'mysqlclient.lib(libmysql.obj)' or at 'C:\Users\Sudhindra\documents\visual studio 2010\Projects\MySQL_Demo_winapp\Debug\clientlib.pdb'; linking object as if no debug info
       Manifest:
         C:\Program Files (x86)\Microsoft SDKs\Windows\v7.0A\bin\mt.exe /nologo /verbose /out:"Debug\MySQL_Demo_winapp.exe.embed.manifest" /manifest Debug\MySQL_Demo_winapp.exe.intermediate.manifest
         All outputs are up-to-date.
       LinkEmbedManifest:
         All outputs are up-to-date.
         MySQL_Demo_winapp.vcxproj -> C:\Users\Sudhindra\documents\visual studio 2010\Projects\MySQL_Demo_winapp\Debug\MySQL_Demo_winapp.exe
       FinalizeBuildStatus:
         Deleting file "Debug\MySQL_Demo_winapp.unsuccessfulbuild".
         Touching "Debug\MySQL_Demo_winapp.lastbuildstate".
     1>Done Building Project "C:\Users\Sudhindra\documents\visual studio 2010\Projects\MySQL_Demo_winapp\MySQL_Demo_winapp\MySQL_Demo_winapp.vcxproj" (build target(s)).

Build succeeded.

Time Elapsed 00:00:01.13
