C:\USERS\SUDHINDRA\DOCUMENTS\VISUAL STUDIO 2010\PROJECTS\MYSQL_DEMO_WINAPP\DEBUG\MYSQL_DEMO_WINAPP.EXE
C:\USERS\SUDHINDRA\DOCUMENTS\VISUAL STUDIO 2010\PROJECTS\MYSQL_DEMO_WINAPP\DEBUG\MYSQL_DEMO_WINAPP.ILK
C:\USERS\SUDHINDRA\DOCUMENTS\VISUAL STUDIO 2010\PROJECTS\MYSQL_DEMO_WINAPP\DEBUG\MYSQL_DEMO_WINAPP.PDB
C:\Users\Sudhindra\Documents\Visual Studio 2010\Projects\MySQL_Demo_winapp\MySQL_Demo_winapp\Debug\cl.command.1.tlog
C:\Users\Sudhindra\Documents\Visual Studio 2010\Projects\MySQL_Demo_winapp\MySQL_Demo_winapp\Debug\CL.read.1.tlog
C:\Users\Sudhindra\Documents\Visual Studio 2010\Projects\MySQL_Demo_winapp\MySQL_Demo_winapp\Debug\CL.write.1.tlog
C:\Users\Sudhindra\Documents\Visual Studio 2010\Projects\MySQL_Demo_winapp\MySQL_Demo_winapp\Debug\link.3860.read.1.tlog
C:\Users\Sudhindra\Documents\Visual Studio 2010\Projects\MySQL_Demo_winapp\MySQL_Demo_winapp\Debug\link.3860.read.3.tlog
C:\Users\Sudhindra\Documents\Visual Studio 2010\Projects\MySQL_Demo_winapp\MySQL_Demo_winapp\Debug\link.3860.write.1.tlog
C:\Users\Sudhindra\Documents\Visual Studio 2010\Projects\MySQL_Demo_winapp\MySQL_Demo_winapp\Debug\link.3860-cvtres.read.1.tlog
C:\Users\Sudhindra\Documents\Visual Studio 2010\Projects\MySQL_Demo_winapp\MySQL_Demo_winapp\Debug\link.3860-cvtres.write.1.tlog
C:\Users\Sudhindra\Documents\Visual Studio 2010\Projects\MySQL_Demo_winapp\MySQL_Demo_winapp\Debug\link.4724.read.1.tlog
C:\Users\Sudhindra\Documents\Visual Studio 2010\Projects\MySQL_Demo_winapp\MySQL_Demo_winapp\Debug\link.4724.read.3.tlog
C:\Users\Sudhindra\Documents\Visual Studio 2010\Projects\MySQL_Demo_winapp\MySQL_Demo_winapp\Debug\link.4724.write.1.tlog
C:\Users\Sudhindra\Documents\Visual Studio 2010\Projects\MySQL_Demo_winapp\MySQL_Demo_winapp\Debug\link.4724-cvtres.read.1.tlog
C:\Users\Sudhindra\Documents\Visual Studio 2010\Projects\MySQL_Demo_winapp\MySQL_Demo_winapp\Debug\link.4724-cvtres.write.1.tlog
C:\Users\Sudhindra\Documents\Visual Studio 2010\Projects\MySQL_Demo_winapp\MySQL_Demo_winapp\Debug\link.5392.read.1.tlog
C:\Users\Sudhindra\Documents\Visual Studio 2010\Projects\MySQL_Demo_winapp\MySQL_Demo_winapp\Debug\link.5392.read.3.tlog
C:\Users\Sudhindra\Documents\Visual Studio 2010\Projects\MySQL_Demo_winapp\MySQL_Demo_winapp\Debug\link.5392.write.1.tlog
C:\Users\Sudhindra\Documents\Visual Studio 2010\Projects\MySQL_Demo_winapp\MySQL_Demo_winapp\Debug\link.5392-cvtres.read.1.tlog
C:\Users\Sudhindra\Documents\Visual Studio 2010\Projects\MySQL_Demo_winapp\MySQL_Demo_winapp\Debug\link.5392-cvtres.write.1.tlog
C:\Users\Sudhindra\Documents\Visual Studio 2010\Projects\MySQL_Demo_winapp\MySQL_Demo_winapp\Debug\link.5648.read.1.tlog
C:\Users\Sudhindra\Documents\Visual Studio 2010\Projects\MySQL_Demo_winapp\MySQL_Demo_winapp\Debug\link.5648.read.3.tlog
C:\Users\Sudhindra\Documents\Visual Studio 2010\Projects\MySQL_Demo_winapp\MySQL_Demo_winapp\Debug\link.5648.write.1.tlog
C:\Users\Sudhindra\Documents\Visual Studio 2010\Projects\MySQL_Demo_winapp\MySQL_Demo_winapp\Debug\link.5648-cvtres.read.1.tlog
C:\Users\Sudhindra\Documents\Visual Studio 2010\Projects\MySQL_Demo_winapp\MySQL_Demo_winapp\Debug\link.5648-cvtres.write.1.tlog
C:\Users\Sudhindra\Documents\Visual Studio 2010\Projects\MySQL_Demo_winapp\MySQL_Demo_winapp\Debug\link.command.1.tlog
C:\Users\Sudhindra\Documents\Visual Studio 2010\Projects\MySQL_Demo_winapp\MySQL_Demo_winapp\Debug\link.read.1.tlog
C:\Users\Sudhindra\Documents\Visual Studio 2010\Projects\MySQL_Demo_winapp\MySQL_Demo_winapp\Debug\link.read.3.tlog
C:\Users\Sudhindra\Documents\Visual Studio 2010\Projects\MySQL_Demo_winapp\MySQL_Demo_winapp\Debug\link.write.1.tlog
C:\Users\Sudhindra\Documents\Visual Studio 2010\Projects\MySQL_Demo_winapp\MySQL_Demo_winapp\Debug\link-cvtres.read.1.tlog
C:\Users\Sudhindra\Documents\Visual Studio 2010\Projects\MySQL_Demo_winapp\MySQL_Demo_winapp\Debug\link-cvtres.write.1.tlog
C:\Users\Sudhindra\Documents\Visual Studio 2010\Projects\MySQL_Demo_winapp\MySQL_Demo_winapp\Debug\mt.command.1.tlog
C:\Users\Sudhindra\Documents\Visual Studio 2010\Projects\MySQL_Demo_winapp\MySQL_Demo_winapp\Debug\mt.read.1.tlog
C:\Users\Sudhindra\Documents\Visual Studio 2010\Projects\MySQL_Demo_winapp\MySQL_Demo_winapp\Debug\mt.write.1.tlog
C:\USERS\SUDHINDRA\DOCUMENTS\VISUAL STUDIO 2010\PROJECTS\MYSQL_DEMO_WINAPP\MYSQL_DEMO_WINAPP\DEBUG\MYSQL_DEMO_WINAPP.EXE.EMBED.MANIFEST
C:\USERS\SUDHINDRA\DOCUMENTS\VISUAL STUDIO 2010\PROJECTS\MYSQL_DEMO_WINAPP\MYSQL_DEMO_WINAPP\DEBUG\MYSQL_DEMO_WINAPP.EXE.EMBED.MANIFEST.RES
C:\USERS\SUDHINDRA\DOCUMENTS\VISUAL STUDIO 2010\PROJECTS\MYSQL_DEMO_WINAPP\MYSQL_DEMO_WINAPP\DEBUG\MYSQL_DEMO_WINAPP.EXE.INTERMEDIATE.MANIFEST
C:\USERS\SUDHINDRA\DOCUMENTS\VISUAL STUDIO 2010\PROJECTS\MYSQL_DEMO_WINAPP\MYSQL_DEMO_WINAPP\DEBUG\MYSQL_DEMO_WINAPP.OBJ
C:\USERS\SUDHINDRA\DOCUMENTS\VISUAL STUDIO 2010\PROJECTS\MYSQL_DEMO_WINAPP\MYSQL_DEMO_WINAPP\DEBUG\MYSQL_DEMO_WINAPP.PCH
C:\USERS\SUDHINDRA\DOCUMENTS\VISUAL STUDIO 2010\PROJECTS\MYSQL_DEMO_WINAPP\MYSQL_DEMO_WINAPP\DEBUG\MYSQL_DEMO_WINAPP.RES
C:\Users\Sudhindra\Documents\Visual Studio 2010\Projects\MySQL_Demo_winapp\MySQL_Demo_winapp\Debug\MySQL_Demo_winapp.vcxprojResolveAssemblyReference.cache
C:\Users\Sudhindra\Documents\Visual Studio 2010\Projects\MySQL_Demo_winapp\MySQL_Demo_winapp\Debug\MySQL_Demo_winapp.write.1.tlog
C:\Users\Sudhindra\Documents\Visual Studio 2010\Projects\MySQL_Demo_winapp\MySQL_Demo_winapp\Debug\MySQL_Demo_winapp_manifest.rc
C:\Users\Sudhindra\Documents\Visual Studio 2010\Projects\MySQL_Demo_winapp\MySQL_Demo_winapp\Debug\rc.command.1.tlog
C:\Users\Sudhindra\Documents\Visual Studio 2010\Projects\MySQL_Demo_winapp\MySQL_Demo_winapp\Debug\rc.read.1.tlog
C:\Users\Sudhindra\Documents\Visual Studio 2010\Projects\MySQL_Demo_winapp\MySQL_Demo_winapp\Debug\rc.write.1.tlog
C:\USERS\SUDHINDRA\DOCUMENTS\VISUAL STUDIO 2010\PROJECTS\MYSQL_DEMO_WINAPP\MYSQL_DEMO_WINAPP\DEBUG\STDAFX.OBJ
C:\Users\Sudhindra\Documents\Visual Studio 2010\Projects\MySQL_Demo_winapp\MySQL_Demo_winapp\Debug\vc100.idb
C:\USERS\SUDHINDRA\DOCUMENTS\VISUAL STUDIO 2010\PROJECTS\MYSQL_DEMO_WINAPP\MYSQL_DEMO_WINAPP\DEBUG\VC100.PDB
